<?xml version="1.0" encoding="UTF-8"?>
<!-- Generated by org.testng.reporters.JUnitXMLReporter -->
<testsuite hostname="DESKTOP-DAP7KSU" ignored="0" name="TestFirefox1" tests="12" failures="0" timestamp="15 Jul 2018 10:15:32 GMT" time="248.174" errors="0">
  <testcase name="testMethod1" time="27.282" classname="tests.Threadlocal2"/>
  <testcase name="testMethod10" time="18.847" classname="tests.Threadlocal2"/>
  <testcase name="testMethod11" time="22.082" classname="tests.Threadlocal2"/>
  <testcase name="testMethod12" time="18.157" classname="tests.Threadlocal2"/>
  <testcase name="testMethod2" time="17.545" classname="tests.Threadlocal2"/>
  <testcase name="testMethod3" time="17.187" classname="tests.Threadlocal2"/>
  <testcase name="testMethod4" time="17.005" classname="tests.Threadlocal2"/>
  <testcase name="testMethod5" time="19.508" classname="tests.Threadlocal2"/>
  <testcase name="testMethod6" time="23.162" classname="tests.Threadlocal2"/>
  <testcase name="testMethod7" time="20.43" classname="tests.Threadlocal2"/>
  <testcase name="testMethod8" time="26.05" classname="tests.Threadlocal2"/>
  <testcase name="testMethod9" time="20.864" classname="tests.Threadlocal2"/>
</testsuite> <!-- TestFirefox1 -->
