<?xml version="1.0" encoding="UTF-8"?>
<!-- Generated by org.testng.reporters.JUnitXMLReporter -->
<testsuite hostname="CSCINDAE752636" ignored="0" name="Test" tests="25" failures="0" timestamp="13 Jul 2018 11:20:07 GMT" time="79.188" errors="0">
  <testcase name="testMethod13" time="16.409" classname="tests.ThreadLocalDemo"/>
  <testcase name="testMethod12" time="16.643" classname="tests.ThreadLocalDemo"/>
  <testcase name="testMethod10" time="22.741" classname="tests.ThreadLocalDemo"/>
  <testcase name="testMethod1" time="22.936" classname="tests.ThreadLocalDemo"/>
  <testcase name="testMethod11" time="24.979" classname="tests.ThreadLocalDemo"/>
  <testcase name="testMethod14" time="13.682" classname="tests.ThreadLocalDemo"/>
  <testcase name="testMethod15" time="14.867" classname="tests.ThreadLocalDemo"/>
  <testcase name="testMethod16" time="13.781" classname="tests.ThreadLocalDemo"/>
  <testcase name="testMethod17" time="13.82" classname="tests.ThreadLocalDemo"/>
  <testcase name="testMethod18" time="13.396" classname="tests.ThreadLocalDemo"/>
  <testcase name="testMethod19" time="14.522" classname="tests.ThreadLocalDemo"/>
  <testcase name="testMethod2" time="13.391" classname="tests.ThreadLocalDemo"/>
  <testcase name="testMethod21" time="13.494" classname="tests.ThreadLocalDemo"/>
  <testcase name="testMethod22" time="13.638" classname="tests.ThreadLocalDemo"/>
  <testcase name="testMethod20" time="15.977" classname="tests.ThreadLocalDemo"/>
  <testcase name="testMethod23" time="13.719" classname="tests.ThreadLocalDemo"/>
  <testcase name="testMethod24" time="14.068" classname="tests.ThreadLocalDemo"/>
  <testcase name="testMethod3" time="12.472" classname="tests.ThreadLocalDemo"/>
  <testcase name="testMethod25" time="15.505" classname="tests.ThreadLocalDemo"/>
  <testcase name="testMethod4" time="13.368" classname="tests.ThreadLocalDemo"/>
  <testcase name="testMethod5" time="14.594" classname="tests.ThreadLocalDemo"/>
  <testcase name="testMethod6" time="14.989" classname="tests.ThreadLocalDemo"/>
  <testcase name="testMethod7" time="13.567" classname="tests.ThreadLocalDemo"/>
  <testcase name="testMethod8" time="12.769" classname="tests.ThreadLocalDemo"/>
  <testcase name="testMethod9" time="13.277" classname="tests.ThreadLocalDemo"/>
</testsuite> <!-- Test -->
