<?xml version="1.0" encoding="UTF-8"?>
<!-- Generated by org.testng.reporters.JUnitXMLReporter -->
<testsuite hostname="DESKTOP-DAP7KSU" ignored="0" name="TestFirefox" tests="12" failures="0" timestamp="15 Jul 2018 10:15:23 GMT" time="239.068" errors="0">
  <testcase name="testMethod1" time="26.909" classname="tests.Threadlocal2"/>
  <testcase name="testMethod10" time="22.351" classname="tests.Threadlocal2"/>
  <testcase name="testMethod11" time="17.578" classname="tests.Threadlocal2"/>
  <testcase name="testMethod12" time="22.015" classname="tests.Threadlocal2"/>
  <testcase name="testMethod2" time="20.26" classname="tests.Threadlocal2"/>
  <testcase name="testMethod3" time="17.572" classname="tests.Threadlocal2"/>
  <testcase name="testMethod4" time="18.665" classname="tests.Threadlocal2"/>
  <testcase name="testMethod5" time="17.049" classname="tests.Threadlocal2"/>
  <testcase name="testMethod6" time="18.206" classname="tests.Threadlocal2"/>
  <testcase name="testMethod7" time="22.849" classname="tests.Threadlocal2"/>
  <testcase name="testMethod8" time="17.897" classname="tests.Threadlocal2"/>
  <testcase name="testMethod9" time="17.657" classname="tests.Threadlocal2"/>
</testsuite> <!-- TestFirefox -->
