<?xml version="1.0" encoding="UTF-8"?>
<!-- Generated by org.testng.reporters.JUnitXMLReporter -->
<testsuite hostname="DESKTOP-DAP7KSU" ignored="0" name="TestChrome1" tests="15" failures="0" timestamp="15 Jul 2018 10:16:21 GMT" time="296.861" errors="0">
  <testcase name="testMethod1" time="27.083" classname="tests.ThreadLocalDemo"/>
  <testcase name="testMethod10" time="27.581" classname="tests.ThreadLocalDemo"/>
  <testcase name="testMethod11" time="17.277" classname="tests.ThreadLocalDemo"/>
  <testcase name="testMethod12" time="19.268" classname="tests.ThreadLocalDemo"/>
  <testcase name="testMethod13" time="22.15" classname="tests.ThreadLocalDemo"/>
  <testcase name="testMethod14" time="20.7" classname="tests.ThreadLocalDemo"/>
  <testcase name="testMethod15" time="18.891" classname="tests.ThreadLocalDemo"/>
  <testcase name="testMethod2" time="17.372" classname="tests.ThreadLocalDemo"/>
  <testcase name="testMethod3" time="20.864" classname="tests.ThreadLocalDemo"/>
  <testcase name="testMethod4" time="17.554" classname="tests.ThreadLocalDemo"/>
  <testcase name="testMethod5" time="21.239" classname="tests.ThreadLocalDemo"/>
  <testcase name="testMethod6" time="18.205" classname="tests.ThreadLocalDemo"/>
  <testcase name="testMethod7" time="16.135" classname="tests.ThreadLocalDemo"/>
  <testcase name="testMethod8" time="16.43" classname="tests.ThreadLocalDemo"/>
  <testcase name="testMethod9" time="16.052" classname="tests.ThreadLocalDemo"/>
</testsuite> <!-- TestChrome1 -->
