<?xml version="1.0" encoding="UTF-8"?>
<testng-results skipped="0" failed="0" ignored="0" total="1" passed="1">
  <reporter-output>
  </reporter-output>
  <suite name="Suite" duration-ms="26717" started-at="2018-07-16T03:54:56Z" finished-at="2018-07-16T03:55:23Z">
    <groups>
    </groups>
    <test name="TestChrome" duration-ms="26717" started-at="2018-07-16T03:54:56Z" finished-at="2018-07-16T03:55:23Z">
      <class name="tests.ThreadLocalDemo">
        <test-method status="PASS" signature="testMethod1()[pri:0, instance:tests.ThreadLocalDemo@204f30ec]" name="testMethod1" duration-ms="26687" started-at="2018-07-16T03:54:56Z" finished-at="2018-07-16T03:55:23Z">
          <reporter-output>
          </reporter-output>
        </test-method> <!-- testMethod1 -->
      </class> <!-- tests.ThreadLocalDemo -->
      <class name="tests.testngclass">
        <test-method status="PASS" signature="setup()[pri:0, instance:tests.testngclass@77cd7a0]" name="setup" is-config="true" duration-ms="431" started-at="2018-07-16T03:54:56Z" finished-at="2018-07-16T03:54:56Z">
          <reporter-output>
          </reporter-output>
        </test-method> <!-- setup -->
        <test-method status="PASS" signature="closeextntreport()[pri:0, instance:tests.testngclass@77cd7a0]" name="closeextntreport" is-config="true" duration-ms="414" started-at="2018-07-16T03:55:23Z" finished-at="2018-07-16T03:55:24Z">
          <reporter-output>
          </reporter-output>
        </test-method> <!-- closeextntreport -->
      </class> <!-- tests.testngclass -->
    </test> <!-- TestChrome -->
  </suite> <!-- Suite -->
</testng-results>
